ncverilog: 15.20-s084: (c) Copyright 1995-2020 Cadence Design Systems, Inc.
TOOL:	ncverilog	15.20-s084: Started on Jun 29, 2021 at 14:43:37 CST
ncverilog
	ascon_tb.v
	ascon_1.v
	+access+r
Loading snapshot worklib.ascon_tb:v .................... Done
*Verdi* Loading libsscore_ius152.so
ncsim> source /usr/cad/cadence/INCISIV/cur/tools/inca/files/ncsimrc
ncsim> run
FSDB Dumper for IUS, Release Verdi_R-2020.12, Linux, 11/19/2020
(C) 1996 - 2020 by Synopsys, Inc.
*Verdi* FSDB WARNING: The FSDB file already exists. Overwriting the FSDB file may crash the programs that are using this file.
*Verdi* : Create FSDB file 'ascon.fsdb'
*Verdi* : Begin traversing the scope (ascon_tb), layer (0).
*Verdi* : Enable +mda dumping.
*Verdi* : End of traversing.
Correct! at           0 th PT

Correct! at           1 th PT

Correct! at           2 th PT

Correct! at           3 th PT

Correct! at           4 th PT

Correct! at           5 th PT

Success! Execution
Finish.
Execution cycle = 97
Simulation complete via $finish(1) at time 1105 NS + 0
./ascon_tb.v:96         $finish;
ncsim> exit
TOOL:	ncverilog	15.20-s084: Exiting on Jun 29, 2021 at 14:43:41 CST  (total: 00:00:04)
