ncsim 15.20-s084
Linux 2.6.32-696.28.1.el6.x86_64 #1 SMP Wed May 9 23:09:02 UTC 2018 x86_64
CPU cores: 32
Limit information:
======================================
cputime			unlimited
filesize		unlimited
datasize		unlimited
stacksize		10240 kbytes
coredumpsize	0 kbytes
memoryuse		unlimited
vmemoryuse		unlimited
descriptors		4096
memorylocked	64 kbytes
maxproc			1024
======================================
(Special)Runtime environment variables:

Runtime environment variables:
LANG=zh_TW.UTF-8
USER=b07100
LOGNAME=b07100
HOME=/home/raid7_2/userb07/b07100
PATH=/usr/cad/spring_soft/laker/cur/bin:/usr/cad/synopsys/customexplorer/cur/bin:/usr/cad/innovus/cur/tools/celtic/bin:/usr/cad/innovus/cur/tools/plato/bin:/usr/cad/innovus/cur/tools/dfII/bin:/usr/cad/innovus/cur/tools/bin:/usr/cad/innovus/cur//tools/tlfUtil/bin:/usr/bin/X11:/usr/cad/synopsys/coreConsultant/cur/bin:/usr/cad/synopsys/synthesis/cur/amd64/syn/bin:/usr/cad/synopsys/lc/cur/bin:/usr/cad/cadence/CONFRML/cur/./bin:/usr/cad/cadence/CONFRML/cur/tools/bin:/usr/bin/X11:/usr/cad/synopsys/primetime/cur/amd64/syn/bin:/usr/spring_soft/verdi/cur/bin:/usr/spring_soft/verdi/cur/nLint/bin:/usr/mentor/calibre/cur/bin:/usr/mentor/calibre/cur/bin:/usr/cad/synopsys/customexplorer/cur/bin:/usr/cad/cadence/SPECTRE/cur/tools/dfII/bin:/usr/cad/cadence/SPECTRE/cur/tools/bin:/usr/cad/cadence/STRATUS/cur/tools/bin:/usr/cad/cadence/JASPER/cur/bin:/usr/cad/cadence/EDI/cur/tools/celtic/bin:/usr/cad/cadence/EDI/cur/tools/plato/bin:/usr/cad/cadence/EDI/cur/tools/dfII/bin:/usr/cad/cadence/EDI/cur/tools/fe/bin:/usr/cad/cadence/EDI/cur/tools/cdsdoc/bin:/usr/cad/cadence/EDI/cur/tools/bin:/usr/cad/cadence/EDI/cur//tools/tlfUtil/bin:/usr/cad/cadence/RC/cur/tools/bin:/usr/cad/cadence/MMSIM/cur/tools/dfII/bin:/usr/cad/cadence/MMSIM/cur/tools/bin:/usr/cad/cadence/NEOCIRCUIT/cur/tools/NeoCircuit/bin:bin.linux:/usr/cad/cadence/SPB/cur/tools/specctra/bin:/usr/cad/cadence/SPB/cur/tools/pcb/bin:/usr/cad/cadence/SPB/cur/tools/dfII/bin:/usr/cad/cadence/SPB/cur/tools/bin:/usr/cad/cadence/INCISIV/cur/tools/bin:/usr/cad/cadence/INCISIV/cur/tools/vtools/vfault/bin:/usr/cad/cadence/INCISIV/cur/tools/dfII/bin:/usr/cad/cadence/IC/cur/tools/dfII/bin:/usr/cad/cadence/IC/cur/tools/dracula/bin:/usr/cad/cadence/IC/cur/tools/bin:/usr/cad/cadence/EXT/cur/tools/bin:/usr/cad/cadence/ETS/cur/tools/bin:/usr/cad/cadence/CONFRML/cur/./bin:/usr/cad/cadence/CONFRML/cur/tools/bin:/usr/cad/cadence/CCD/cur/tools/bin:/usr/cad/cadence/ASSURA/cur/tools/assura/bin:/usr/cad/cadence/ASSURA/cur/tools/dsm/bin:/usr/cad/cadence/ASSURA/cur/tools/bin:/usr/cad/cadence/ASSURA/cur/tools/dfII/bin:/usr/lib64/qt-3.3/bin:/usr/local/bin:/bin:/usr/bin:/home/raid7_4/raid1_1/linux/novas/verdi/cur/bin
MAIL=/var/spool/mail/b07100
SHELL=/bin/tcsh
SSH_CLIENT=140.112.249.204 62169 22
SSH_CONNECTION=140.112.249.204 62169 140.112.20.74 22
SSH_TTY=/dev/pts/4
TERM=xterm-256color
DISPLAY=localhost:13.0
SELINUX_ROLE_REQUESTED=
SELINUX_LEVEL_REQUESTED=
SELINUX_USE_CURRENT_RANGE=
HOSTTYPE=x86_64-linux
VENDOR=unknown
OSTYPE=linux
MACHTYPE=x86_64
SHLVL=1
PWD=/home/raid7_2/userb07/b07100/Ascon
GROUP=user
HOST=cad31
REMOTEHOST=414-2.m7.ntu.edu.tw
HOSTNAME=cad31
LS_COLORS=rs=0:di=38;5;27:ln=38;5;51:mh=44;38;5;15:pi=40;38;5;11:so=38;5;13:do=38;5;5:bd=48;5;232;38;5;11:cd=48;5;232;38;5;3:or=48;5;232;38;5;9:mi=05;48;5;232;38;5;15:su=48;5;196;38;5;15:sg=48;5;11;38;5;16:ca=48;5;196;38;5;226:tw=48;5;10;38;5;16:ow=48;5;10;38;5;21:st=48;5;21;38;5;15:ex=38;5;34:*.tar=38;5;9:*.tgz=38;5;9:*.arj=38;5;9:*.taz=38;5;9:*.lzh=38;5;9:*.lzma=38;5;9:*.tlz=38;5;9:*.txz=38;5;9:*.zip=38;5;9:*.z=38;5;9:*.Z=38;5;9:*.dz=38;5;9:*.gz=38;5;9:*.lz=38;5;9:*.xz=38;5;9:*.bz2=38;5;9:*.tbz=38;5;9:*.tbz2=38;5;9:*.bz=38;5;9:*.tz=38;5;9:*.deb=38;5;9:*.rpm=38;5;9:*.jar=38;5;9:*.rar=38;5;9:*.ace=38;5;9:*.zoo=38;5;9:*.cpio=38;5;9:*.7z=38;5;9:*.rz=38;5;9:*.jpg=38;5;13:*.jpeg=38;5;13:*.gif=38;5;13:*.bmp=38;5;13:*.pbm=38;5;13:*.pgm=38;5;13:*.ppm=38;5;13:*.tga=38;5;13:*.xbm=38;5;13:*.xpm=38;5;13:*.tif=38;5;13:*.tiff=38;5;13:*.png=38;5;13:*.svg=38;5;13:*.svgz=38;5;13:*.mng=38;5;13:*.pcx=38;5;13:*.mov=38;5;13:*.mpg=38;5;13:*.mpeg=38;5;13:*.m2v=38;5;13:*.mkv=38;5;13:*.ogm=38;5;13:*.mp4=38;5;13:*.m4v=38;5;13:*.mp4v=38;5;13:*.vob=38;5;13:*.qt=38;5;13:*.nuv=38;5;13:*.wmv=38;5;13:*.asf=38;5;13:*.rm=38;5;13:*.rmvb=38;5;13:*.flc=38;5;13:*.avi=38;5;13:*.fli=38;5;13:*.flv=38;5;13:*.gl=38;5;13:*.dl=38;5;13:*.xcf=38;5;13:*.xwd=38;5;13:*.yuv=38;5;13:*.cgm=38;5;13:*.emf=38;5;13:*.axv=38;5;13:*.anx=38;5;13:*.ogv=38;5;13:*.ogx=38;5;13:*.aac=38;5;45:*.au=38;5;45:*.flac=38;5;45:*.mid=38;5;45:*.midi=38;5;45:*.mka=38;5;45:*.mp3=38;5;45:*.mpc=38;5;45:*.ogg=38;5;45:*.ra=38;5;45:*.wav=38;5;45:*.axa=38;5;45:*.oga=38;5;45:*.spx=38;5;45:*.xspf=38;5;45:
CVS_RSH=ssh
G_BROKEN_FILENAMES=1
SSH_ASKPASS=/usr/libexec/openssh/gnome-ssh-askpass
LESSOPEN=||/usr/bin/lesspipe.sh %s
QTDIR=/usr/lib64/qt-3.3
QTINC=/usr/lib64/qt-3.3/include
QTLIB=/usr/lib64/qt-3.3/lib
ASSURAHOME=/usr/cad/cadence/ASSURA/cur
LD_LIBRARY_PATH=:/usr/cad/innovus/cur//tools/tlfUtil/lib:/usr/cad/cadence/CONFRML/cur/tools/lib:/usr/spring_soft/verdi/cur/share/PLI/nc_xl/LINUX/xl_shared:/usr/spring_soft/verdi/cur/share/PLI/nc_xl/LINUX/nc_shared:/home/raid7_4/raid1_1/linux/novas/verdi/cur/share/PLI/IUS/LINUX/
LM_LICENSE_FILE=5280@lscic:5280@lsnchu:5280@lscic:26585@lscic:5288@cad43:5280@lstn:1717@lsntu:26585@lsntu:
CDS_LIC_FILE=/usr/cad/cadence/IC/cur/share/license/license.dat
VERPLEX_HOME=/usr/cad/cadence/CONFRML/cur
OAHOME=/usr/cad/cadence/oa_v22.04.073
OA_HOME=/usr/cad/innovus/cur/oa
CDS_Netlisting_Mode=Analog
NEOCKTHOME=/usr/cad/cadence/NEOCIRCUIT/cur/tools/NeoCircuit
ENCOUNTER=/usr/cad/innovus/cur/tools/fe
MGC_HOME=/usr/mentor/calibre/cur
MGC_TMPDIR=/tmp
MGC_LOCATION_MAP=NO_MAP
SHLIB_PATH=/usr/spring_soft/verdi/cur/share/PLI/nc_xl/LINUX/xl_shared:/usr/spring_soft/verdi/cur/share/PLI/nc_xl/LINUX/nc_shared
PRIMETIME=/usr/cad/synopsys/primetime/cur
SYNTHESIS=/usr/cad/synopsys/synthesis/cur
SYN_MAN_DIR=/usr/cad/synopsys/synthesis/cur/doc/syn/man
MANPATH=/usr/cad/synopsys/synthesis/cur/doc/syn/man
_IRUNROOT_=/usr/cad/cadence/INCISIV/cur/tools
CDS_ARCH=lnx86
NCRUNMODE=ncverilog:./INCA_libs/irun.lnx86.15.20.nc
IRUNBATCH=FALSE
IMPERAS_PORT_FILE=.vsp_ovp_gdb_port
TCL_LIBRARY=/usr/cad/cadence/INCISIV/cur/tools/inca/files/tcl/library
Runtime command line arguments:
argv[0]=ncverilog
argv[1]=ascon_tb.v
argv[2]=ascon_1.v
argv[3]=+access+r
81 profile - 100
          CPU/Mem usage: 0.130 sys,  2.880 user,  71.77M sys,  0.00M vm
82 VC callback profile - scalar:0 vector:0
83 Tue Jun 29 14:43:41 2021
84 pliAppInit
85 FSDB_GATE is disabled.
86 Enable Parallel Dumping.
87 pliAppMiscSet: New Sim Round
88 pliEntryInit
89 LIBSSCORE=found /home/raid7_4/raid1_1/linux/novas/verdi/cur/share/PLI/IUS/LINUX/libsscore_ius152.so through $LD_LIBRARY_PATH setting.
90 argv[0]: ascon.fsdb
91 argv[0]: 0
92 argv[1]: (handle)0xc051ce0 ascon_tb
93 argv[2]: +mda
94 FSDB Dumper for IUS, Release Verdi_R-2020.12, Linux, 11/19/2020
95 (C) 1996 - 2020 by Synopsys, Inc.
96 sps_call_fsdbDumpfile at 0 : /home/raid7_2/userb07/b07100/Ascon/ascon_tb.v(29)
97 argv[0]: ascon.fsdb
98 *Verdi* FSDB WARNING: The FSDB file already exists. Overwriting the FSDB file may crash the programs that are using this file.
99 *Verdi* : Create FSDB file 'ascon.fsdb'
100 sps_call_fsdbDumpvars at 0 : /home/raid7_2/userb07/b07100/Ascon/ascon_tb.v(30)
101 argv[0]: 0
102 argv[1]: (handle)0xc051ce0 ascon_tb
103 argv[2]: +mda
104 *Verdi* : Begin traversing the scope (ascon_tb), layer (0).
105 *Verdi* : Enable +mda dumping.
106 *Verdi* : End of traversing.
107 fsdbDumpvars traverse var: profile - 
          CPU/Mem usage: 0.150 sys,  2.900 user,  153.98M sys,  0.00M vm
                   incr: 0.010 sys,  0.000 user,  3.62M sys,  0.00M vm
                   accu: 0.010 sys,  0.000 user,  3.62M sys,  0.00M vm
              accu incr: 0.010 sys,  0.000 user,  3.62M sys,  0.00M vm

          Count usage: 101 var,  99 idcode,  99 callback
                 incr: 101 var,  99 idcode,  99 callback
                 accu: 101 var,  99 idcode,  99 callback
            accu incr: 101 var,  99 idcode,  99 callback
108 VC callback profile - scalar:0 vector:0
109 Tue Jun 29 14:43:41 2021
110 fsdbDumpvars: profile - 
          CPU/Mem usage: 0.150 sys,  2.900 user,  155.03M sys,  0.00M vm
                   incr: 0.000 sys,  0.000 user,  1.05M sys,  0.00M vm
                   accu: 0.010 sys,  0.000 user,  4.68M sys,  0.00M vm
              accu incr: 0.000 sys,  0.000 user,  1.05M sys,  0.00M vm

          Count usage: 101 var,  99 idcode,  99 callback
                 incr: 0 var,  0 idcode,  0 callback
                 accu: 101 var,  99 idcode,  99 callback
            accu incr: 0 var,  0 idcode,  0 callback
111 VC callback profile - scalar:17 vector:82
112 Tue Jun 29 14:43:41 2021
113 End of simulation at 1105000
114 VC callback profile - scalar:564 vector:3610
115 Tue Jun 29 14:43:41 2021
116 Begin FSDB profile info:
117 FSDB Writer : bc1(560) bcn(3614) mtf/stf(0/0)
FSDB Writer elapsed time : flush(0.019135) io wait(0.000000) theadpool wait(0.000000)
FSDB Writer cpu time : MT Compression : 0
118 End FSDB profile info
119 Parallel profile    -  Flush:3 Expand:0 ProduceWait:0 ConsumerWait:0 BlockUsed:1
120                        ProduceTime:3.075511343 ConsumerTime:0.000000000 Buffer:64MB
121 SimExit
122 Sim process exit
